d:\zookeeper\apache-zookeeper-3.5.8\zookeeper-client\zookeeper-client-c\zookeeper.dir\debug\zookeeper.pdb
d:\zookeeper\apache-zookeeper-3.5.8\zookeeper-client\zookeeper-client-c\zookeeper.dir\debug\winport.obj
d:\zookeeper\apache-zookeeper-3.5.8\zookeeper-client\zookeeper-client-c\zookeeper.dir\debug\mt_adaptor.obj
d:\zookeeper\apache-zookeeper-3.5.8\zookeeper-client\zookeeper-client-c\zookeeper.dir\debug\addrvec.obj
d:\zookeeper\apache-zookeeper-3.5.8\zookeeper-client\zookeeper-client-c\zookeeper.dir\debug\zk_hashtable.obj
d:\zookeeper\apache-zookeeper-3.5.8\zookeeper-client\zookeeper-client-c\zookeeper.dir\debug\zk_log.obj
d:\zookeeper\apache-zookeeper-3.5.8\zookeeper-client\zookeeper-client-c\zookeeper.dir\debug\zookeeper.jute.obj
d:\zookeeper\apache-zookeeper-3.5.8\zookeeper-client\zookeeper-client-c\zookeeper.dir\debug\recordio.obj
d:\zookeeper\apache-zookeeper-3.5.8\zookeeper-client\zookeeper-client-c\zookeeper.dir\debug\zookeeper.obj
d:\zookeeper\apache-zookeeper-3.5.8\zookeeper-client\zookeeper-client-c\cmakefiles\generate.stamp
d:\zookeeper\apache-zookeeper-3.5.8\zookeeper-client\zookeeper-client-c\debug\zookeeper.lib
d:\zookeeper\apache-zookeeper-3.5.8\zookeeper-client\zookeeper-client-c\zookeeper.dir\debug\zookeeper.vcxprojresolveassemblyreference.cache
d:\zookeeper\apache-zookeeper-3.5.8\zookeeper-client\zookeeper-client-c\debug\zookeeper.pdb
d:\zookeeper\apache-zookeeper-3.5.8\zookeeper-client\zookeeper-client-c\zookeeper.dir\debug\zookeeper.tlog\cl.command.1.tlog
d:\zookeeper\apache-zookeeper-3.5.8\zookeeper-client\zookeeper-client-c\zookeeper.dir\debug\zookeeper.tlog\cl.read.1.tlog
d:\zookeeper\apache-zookeeper-3.5.8\zookeeper-client\zookeeper-client-c\zookeeper.dir\debug\zookeeper.tlog\cl.write.1.tlog
d:\zookeeper\apache-zookeeper-3.5.8\zookeeper-client\zookeeper-client-c\zookeeper.dir\debug\zookeeper.tlog\custombuild.command.1.tlog
d:\zookeeper\apache-zookeeper-3.5.8\zookeeper-client\zookeeper-client-c\zookeeper.dir\debug\zookeeper.tlog\custombuild.read.1.tlog
d:\zookeeper\apache-zookeeper-3.5.8\zookeeper-client\zookeeper-client-c\zookeeper.dir\debug\zookeeper.tlog\custombuild.write.1.tlog
d:\zookeeper\apache-zookeeper-3.5.8\zookeeper-client\zookeeper-client-c\zookeeper.dir\debug\zookeeper.tlog\lib-link.read.1.tlog
d:\zookeeper\apache-zookeeper-3.5.8\zookeeper-client\zookeeper-client-c\zookeeper.dir\debug\zookeeper.tlog\lib-link.write.1.tlog
d:\zookeeper\apache-zookeeper-3.5.8\zookeeper-client\zookeeper-client-c\zookeeper.dir\debug\zookeeper.tlog\lib.command.1.tlog
