d:\zookeeper\apache-zookeeper-3.5.8\zookeeper-client\zookeeper-client-c\cli.dir\debug\vc140.pdb
d:\zookeeper\apache-zookeeper-3.5.8\zookeeper-client\zookeeper-client-c\cli.dir\debug\cli.obj
d:\zookeeper\apache-zookeeper-3.5.8\zookeeper-client\zookeeper-client-c\cmakefiles\generate.stamp
c:\users\15537\appdata\local\microsoft\applicationinsights\vstelaif-312cbd79-9dbb-4c48-a7da-3cc2a931cb70\20210112103111_2adb42395a8743c5b86d994e78a2e029.trn
d:\zookeeper\apache-zookeeper-3.5.8\zookeeper-client\zookeeper-client-c\debug\cli.ilk
d:\zookeeper\apache-zookeeper-3.5.8\zookeeper-client\zookeeper-client-c\debug\cli.exe
d:\zookeeper\apache-zookeeper-3.5.8\zookeeper-client\zookeeper-client-c\debug\cli.pdb
d:\zookeeper\apache-zookeeper-3.5.8\zookeeper-client\zookeeper-client-c\cli.dir\debug\cli.vcxprojresolveassemblyreference.cache
d:\zookeeper\apache-zookeeper-3.5.8\zookeeper-client\zookeeper-client-c\cli.dir\debug\cli.tlog\cl.command.1.tlog
d:\zookeeper\apache-zookeeper-3.5.8\zookeeper-client\zookeeper-client-c\cli.dir\debug\cli.tlog\cl.read.1.tlog
d:\zookeeper\apache-zookeeper-3.5.8\zookeeper-client\zookeeper-client-c\cli.dir\debug\cli.tlog\cl.write.1.tlog
d:\zookeeper\apache-zookeeper-3.5.8\zookeeper-client\zookeeper-client-c\cli.dir\debug\cli.tlog\custombuild.command.1.tlog
d:\zookeeper\apache-zookeeper-3.5.8\zookeeper-client\zookeeper-client-c\cli.dir\debug\cli.tlog\custombuild.read.1.tlog
d:\zookeeper\apache-zookeeper-3.5.8\zookeeper-client\zookeeper-client-c\cli.dir\debug\cli.tlog\custombuild.write.1.tlog
d:\zookeeper\apache-zookeeper-3.5.8\zookeeper-client\zookeeper-client-c\cli.dir\debug\cli.tlog\link-vctip.delete.1.tlog
d:\zookeeper\apache-zookeeper-3.5.8\zookeeper-client\zookeeper-client-c\cli.dir\debug\cli.tlog\link-vctip.delete.27.tlog
d:\zookeeper\apache-zookeeper-3.5.8\zookeeper-client\zookeeper-client-c\cli.dir\debug\cli.tlog\link-vctip.delete.37.tlog
d:\zookeeper\apache-zookeeper-3.5.8\zookeeper-client\zookeeper-client-c\cli.dir\debug\cli.tlog\link-vctip.delete.48.tlog
d:\zookeeper\apache-zookeeper-3.5.8\zookeeper-client\zookeeper-client-c\cli.dir\debug\cli.tlog\link-vctip.delete.59.tlog
d:\zookeeper\apache-zookeeper-3.5.8\zookeeper-client\zookeeper-client-c\cli.dir\debug\cli.tlog\link-vctip.read.1.tlog
d:\zookeeper\apache-zookeeper-3.5.8\zookeeper-client\zookeeper-client-c\cli.dir\debug\cli.tlog\link-vctip.read.11.tlog
d:\zookeeper\apache-zookeeper-3.5.8\zookeeper-client\zookeeper-client-c\cli.dir\debug\cli.tlog\link-vctip.read.20.tlog
d:\zookeeper\apache-zookeeper-3.5.8\zookeeper-client\zookeeper-client-c\cli.dir\debug\cli.tlog\link-vctip.read.24.tlog
d:\zookeeper\apache-zookeeper-3.5.8\zookeeper-client\zookeeper-client-c\cli.dir\debug\cli.tlog\link-vctip.read.27.tlog
d:\zookeeper\apache-zookeeper-3.5.8\zookeeper-client\zookeeper-client-c\cli.dir\debug\cli.tlog\link-vctip.read.37.tlog
d:\zookeeper\apache-zookeeper-3.5.8\zookeeper-client\zookeeper-client-c\cli.dir\debug\cli.tlog\link-vctip.read.48.tlog
d:\zookeeper\apache-zookeeper-3.5.8\zookeeper-client\zookeeper-client-c\cli.dir\debug\cli.tlog\link-vctip.read.59.tlog
d:\zookeeper\apache-zookeeper-3.5.8\zookeeper-client\zookeeper-client-c\cli.dir\debug\cli.tlog\link-vctip.read.9.tlog
d:\zookeeper\apache-zookeeper-3.5.8\zookeeper-client\zookeeper-client-c\cli.dir\debug\cli.tlog\link-vctip.write.1.tlog
d:\zookeeper\apache-zookeeper-3.5.8\zookeeper-client\zookeeper-client-c\cli.dir\debug\cli.tlog\link-vctip.write.24.tlog
d:\zookeeper\apache-zookeeper-3.5.8\zookeeper-client\zookeeper-client-c\cli.dir\debug\cli.tlog\link-vctip.write.27.tlog
d:\zookeeper\apache-zookeeper-3.5.8\zookeeper-client\zookeeper-client-c\cli.dir\debug\cli.tlog\link-vctip.write.37.tlog
d:\zookeeper\apache-zookeeper-3.5.8\zookeeper-client\zookeeper-client-c\cli.dir\debug\cli.tlog\link-vctip.write.48.tlog
d:\zookeeper\apache-zookeeper-3.5.8\zookeeper-client\zookeeper-client-c\cli.dir\debug\cli.tlog\link-vctip.write.59.tlog
d:\zookeeper\apache-zookeeper-3.5.8\zookeeper-client\zookeeper-client-c\cli.dir\debug\cli.tlog\link.command.1.tlog
d:\zookeeper\apache-zookeeper-3.5.8\zookeeper-client\zookeeper-client-c\cli.dir\debug\cli.tlog\link.read.1.tlog
d:\zookeeper\apache-zookeeper-3.5.8\zookeeper-client\zookeeper-client-c\cli.dir\debug\cli.tlog\link.write.1.tlog
